0 info it worked if it ends with ok
1 verbose cli [ '/usr/local/bin/node', '/usr/local/bin/npm', 'publish' ]
2 info using npm@2.14.7
3 info using node@v4.2.3
4 verbose publish [ '.' ]
5 silly cache add args [ '.', null ]
6 verbose cache add spec .
7 silly cache add parsed spec Result {
7 silly cache add   raw: '.',
7 silly cache add   scope: null,
7 silly cache add   name: null,
7 silly cache add   rawSpec: '.',
7 silly cache add   spec: '/Applications/MAMP/htdocs/React/components/reax-avatar',
7 silly cache add   type: 'directory' }
8 verbose addLocalDirectory /Users/luizeduard0/.npm/reax-avatar/1.0.0/package.tgz not in flight; packing
9 verbose tar pack [ '/Users/luizeduard0/.npm/reax-avatar/1.0.0/package.tgz',
9 verbose tar pack   '/Applications/MAMP/htdocs/React/components/reax-avatar' ]
10 verbose tarball /Users/luizeduard0/.npm/reax-avatar/1.0.0/package.tgz
11 verbose folder /Applications/MAMP/htdocs/React/components/reax-avatar
12 info prepublish reax-avatar@1.0.0
13 verbose unsafe-perm in lifecycle true
14 verbose addLocalTarball adding from inside cache /Users/luizeduard0/.npm/reax-avatar/1.0.0/package.tgz
15 silly cache afterAdd reax-avatar@1.0.0
16 verbose afterAdd /Users/luizeduard0/.npm/reax-avatar/1.0.0/package/package.json not in flight; writing
17 verbose afterAdd /Users/luizeduard0/.npm/reax-avatar/1.0.0/package/package.json written
18 silly publish { name: 'reax-avatar',
18 silly publish   version: '1.0.0',
18 silly publish   description: 'Avatar component for React',
18 silly publish   repository:
18 silly publish    { type: 'git',
18 silly publish      url: 'git+https://github.com/luizeduard0/reax-avatar.git' },
18 silly publish   keywords: [ 'avatar', 'react', 'component' ],
18 silly publish   author:
18 silly publish    { name: 'Luiz Eduardo Rodrigues',
18 silly publish      email: 'luiz@divisio.com.br',
18 silly publish      url: 'https://github.com/luizeduard0/' },
18 silly publish   license: 'MIT',
18 silly publish   bugs: { url: 'https://github.com/luizeduard0/reax-avatar/issues' },
18 silly publish   homepage: 'https://github.com/luizeduard0/reax-avatar#readme',
18 silly publish   scripts: { prepublish: 'babel --presets es2015,react index.babel.js -o index.js' },
18 silly publish   dependencies: { react: '^0.14.3' },
18 silly publish   devDependencies:
18 silly publish    { 'babel-cli': '^6.3.17',
18 silly publish      'babel-preset-es2015': '^6.3.13',
18 silly publish      'babel-preset-react': '^6.3.13' },
18 silly publish   readme: '# Reax Avatar\n\nAvatar component for React that displays an avatar with initials based on user\'s name.\n\n[![npm version](https://badge.fury.io/js/reax-avatar.svg)](https://badge.fury.io/js/reax-avatar)\n\n## PropTypes\n\n```js\n{\n  name: React.PropTypes.string.isRequired,\n  width: React.PropTypes.number,\n  height: React.PropTypes.number\n}\n```\n\n## Usage\n```sh\nnpm install --save reax-avatar\n```\n\n```jsx\nimport React from \'react\';\nimport Avatar from \'reax-avatar\';\n\nconst Foo = () => (\n  <Avatar name="Bar" />\n);\n\nexport default Foo;\n```\n',
18 silly publish   readmeFilename: 'README.md',
18 silly publish   gitHead: '0656313c431f4ee1dc5db6a87949d9843132c441',
18 silly publish   _id: 'reax-avatar@1.0.0',
18 silly publish   _shasum: '87586e92be30b8e57e938e3152728848ec4c5d59',
18 silly publish   _from: '.' }
19 verbose getPublishConfig undefined
20 silly mapToRegistry name reax-avatar
21 silly mapToRegistry using default registry
22 silly mapToRegistry registry https://registry.npmjs.org/
23 silly mapToRegistry uri https://registry.npmjs.org/reax-avatar
24 verbose publish registryBase https://registry.npmjs.org/
25 silly publish uploading /Users/luizeduard0/.npm/reax-avatar/1.0.0/package.tgz
26 verbose request uri https://registry.npmjs.org/reax-avatar
27 verbose request sending authorization for write operation
28 info attempt registry request try #1 at 22:35:43
29 verbose request using bearer token for auth
30 verbose request id 477ddc3e39596331
31 http request PUT https://registry.npmjs.org/reax-avatar
32 http 403 https://registry.npmjs.org/reax-avatar
33 verbose headers { 'content-type': 'application/json',
33 verbose headers   'cache-control': 'max-age=300',
33 verbose headers   'content-length': '95',
33 verbose headers   'accept-ranges': 'bytes',
33 verbose headers   date: 'Wed, 16 Dec 2015 00:35:45 GMT',
33 verbose headers   via: '1.1 varnish',
33 verbose headers   connection: 'keep-alive',
33 verbose headers   'x-served-by': 'cache-atl6220-ATL',
33 verbose headers   'x-cache': 'MISS',
33 verbose headers   'x-cache-hits': '0',
33 verbose headers   'x-timer': 'S1450226144.119156,VS0,VE1108' }
34 verbose request invalidating /Users/luizeduard0/.npm/registry.npmjs.org/reax-avatar on PUT
35 error publish Failed PUT 403
36 verbose stack Error: "You cannot publish over the previously published version 1.0.0." : reax-avatar
36 verbose stack     at makeError (/usr/local/lib/node_modules/npm/node_modules/npm-registry-client/lib/request.js:264:12)
36 verbose stack     at CachingRegistryClient.<anonymous> (/usr/local/lib/node_modules/npm/node_modules/npm-registry-client/lib/request.js:252:14)
36 verbose stack     at Request._callback (/usr/local/lib/node_modules/npm/node_modules/npm-registry-client/lib/request.js:172:14)
36 verbose stack     at Request.self.callback (/usr/local/lib/node_modules/npm/node_modules/request/request.js:198:22)
36 verbose stack     at emitTwo (events.js:87:13)
36 verbose stack     at Request.emit (events.js:172:7)
36 verbose stack     at Request.<anonymous> (/usr/local/lib/node_modules/npm/node_modules/request/request.js:1063:14)
36 verbose stack     at emitOne (events.js:82:20)
36 verbose stack     at Request.emit (events.js:169:7)
36 verbose stack     at IncomingMessage.<anonymous> (/usr/local/lib/node_modules/npm/node_modules/request/request.js:1009:12)
37 verbose statusCode 403
38 verbose pkgid reax-avatar
39 verbose cwd /Applications/MAMP/htdocs/React/components/reax-avatar
40 error Darwin 15.0.0
41 error argv "/usr/local/bin/node" "/usr/local/bin/npm" "publish"
42 error node v4.2.3
43 error npm  v2.14.7
44 error code E403
45 error "You cannot publish over the previously published version 1.0.0." : reax-avatar
46 error If you need help, you may report this error at:
46 error     <https://github.com/npm/npm/issues>
47 verbose exit [ 1, true ]
